  BattleManager.cpp
  Game.cpp
C:\Users\ruthv\Documents\GitHub\Pokemon\Pokemon\BattleManager.cpp(2,9): error C1083: Cannot open include file: 'Pokemon.hpp': No such file or directory
C:\Users\ruthv\Documents\GitHub\Pokemon\Pokemon\Grass.hpp(4,9): error C1083: Cannot open include file: 'Pokemon.hpp': No such file or directory
  (compiling source file '../../Game.cpp')
  
  Player.cpp
C:\Users\ruthv\Documents\GitHub\Pokemon\Pokemon\Player.hpp(5,9): error C1083: Cannot open include file: 'Pokemon.hpp': No such file or directory
  (compiling source file '../../Player.cpp')
  
  Pokemon.cpp
\Pokemon.cpp(1,1): error C1083: Cannot open source file: '..\..\Pokemon.cpp': No such file or directory
  (compiling source file '/Pokemon.cpp')
  
  ProfessorOak.cpp
C:\Users\ruthv\Documents\GitHub\Pokemon\Pokemon\Player.hpp(5,9): error C1083: Cannot open include file: 'Pokemon.hpp': No such file or directory
  (compiling source file '../../ProfessorOak.cpp')
  
  WildEncounterManager.cpp
C:\Users\ruthv\Documents\GitHub\Pokemon\Pokemon\Grass.hpp(4,9): error C1083: Cannot open include file: 'Pokemon.hpp': No such file or directory
  (compiling source file '../../WildEncounterManager.cpp')
  
  main.cpp
C:\Users\ruthv\Documents\GitHub\Pokemon\Pokemon\Player.hpp(5,9): error C1083: Cannot open include file: 'Pokemon.hpp': No such file or directory
  (compiling source file '../../main.cpp')
  
  Generating Code...
